c:\users\kalmar\desktop\дистанционка\тимп\афоризмыооп\афоризмыооп\debug\vc142.pdb
c:\users\kalmar\desktop\дистанционка\тимп\афоризмыооп\афоризмыооп\debug\vc142.idb
c:\users\kalmar\desktop\дистанционка\тимп\афоризмыооп\афоризмыооп\debug\source.obj
c:\users\kalmar\desktop\дистанционка\тимп\афоризмыооп\афоризмыооп\debug\main.obj
c:\users\kalmar\desktop\дистанционка\тимп\афоризмыооп\debug\афоризмыооп.ilk
c:\users\kalmar\desktop\дистанционка\тимп\афоризмыооп\debug\афоризмыооп.exe
c:\users\kalmar\desktop\дистанционка\тимп\афоризмыооп\debug\афоризмыооп.pdb
c:\users\kalmar\desktop\дистанционка\тимп\aphorismoop\афоризмыооп\debug\main.obj
c:\users\kalmar\desktop\дистанционка\тимп\aphorismoop\афоризмыооп\debug\source.obj
c:\users\kalmar\desktop\дистанционка\тимп\aphorismoop\афоризмыооп\debug\vc142.idb
c:\users\kalmar\desktop\дистанционка\тимп\aphorismoop\афоризмыооп\debug\vc142.pdb
c:\users\kalmar\desktop\дистанционка\тимп\aphorismoop\debug\афоризмыооп.pdb
c:\users\kalmar\desktop\дистанционка\тимп\aphorismoop\debug\афоризмыооп.exe
c:\users\kalmar\desktop\дистанционка\тимп\aphorismoop\debug\афоризмыооп.ilk
c:\users\kalmar\desktop\дистанционка\тимп\aphorismoop\афоризмыооп\debug\афоризмыооп.tlog\cl.command.1.tlog
c:\users\kalmar\desktop\дистанционка\тимп\aphorismoop\афоризмыооп\debug\афоризмыооп.tlog\cl.read.1.tlog
c:\users\kalmar\desktop\дистанционка\тимп\aphorismoop\афоризмыооп\debug\афоризмыооп.tlog\cl.write.1.tlog
c:\users\kalmar\desktop\дистанционка\тимп\aphorismoop\афоризмыооп\debug\афоризмыооп.tlog\link.command.1.tlog
c:\users\kalmar\desktop\дистанционка\тимп\aphorismoop\афоризмыооп\debug\афоризмыооп.tlog\link.read.1.tlog
c:\users\kalmar\desktop\дистанционка\тимп\aphorismoop\афоризмыооп\debug\афоризмыооп.tlog\link.write.1.tlog
